<?xml version="1.0" encoding="utf-8"?><testsuites name="pytest tests"><testsuite name="pytest" errors="0" failures="0" skipped="0" tests="21" time="7.812" timestamp="2026-09-12T09:29:29.186368+00:00" hostname="agent-env-1d95f75f-02e2-4732-8302-4a5bab0398ea"><testcase classname="tests.test_giftsdates_iter5.TestProfileEdit" name="test_date_price_minimum" time="1.204" /><testcase classname="tests.test_giftsdates_iter5.TestProfileEdit" name="test_video_rate_minimum" time="0.372" /><testcase classname="tests.test_giftsdates_iter5.TestProfileEdit" name="test_photos_max" time="0.262" /><testcase classname="tests.test_giftsdates_iter5.TestAuth" name="test_login_and_me" time="0.091" /><testcase classname="tests.test_giftsdates_iter5.TestAuth" name="test_invalid_login" time="0.113" /><testcase classname="tests.test_giftsdates_iter5.TestBrowse" name="test_basic_filters_free" time="0.134" /><testcase classname="tests.test_giftsdates_iter5.TestChatAndGifts" name="test_phone_blocked" time="2.196" /><testcase classname="tests.test_giftsdates_iter5.TestBrowse" name="test_advanced_filters_premium_required" time="0.095" /><testcase classname="tests.test_giftsdates_iter5.TestChatAndGifts" name="test_normal_message" time="0.083" /><testcase classname="tests.test_giftsdates_iter5.TestAutoMatch" name="test_gift_auto_match_creates_conversation" time="0.968" /><testcase classname="tests.test_giftsdates_iter5.TestChatAndGifts" name="test_send_rose_in_chat" time="1.016" /><testcase classname="tests.test_giftsdates_iter5.TestAutoMatch" name="test_gift_below_threshold_no_match" time="0.878" /><testcase classname="tests.test_giftsdates_iter5.TestChatAndGifts" name="test_thanks_by_sender_404" time="0.272" /><testcase classname="tests.test_giftsdates_iter5.TestChatAndGifts" name="test_thanks_by_recipient" time="0.549" /><testcase classname="tests.test_giftsdates_iter5.TestMeta" name="test_meta_shape" time="0.068" /><testcase classname="tests.test_giftsdates_iter5.TestWithdraw" name="test_no_account_reject" time="0.110" /><testcase classname="tests.test_giftsdates_iter5.TestGiftCatalog" name="test_custom_gift_min" time="1.023" /><testcase classname="tests.test_giftsdates_iter5.TestWithdraw" name="test_payout_account_required_fields" time="0.285" /><testcase classname="tests.test_giftsdates_iter5.TestDates" name="test_time_unavailable_and_book" time="2.610" /><testcase classname="tests.test_giftsdates_iter5.TestAdminAutoMatch" name="test_admin_update_and_meta" time="0.848" /><testcase classname="tests.test_giftsdates_iter5.TestAdminVerifications" name="test_admin_list" time="1.131" /></testsuite></testsuites>