<?xml version="1.0" encoding="utf-8"?><testsuites name="pytest tests"><testsuite name="pytest" errors="0" failures="0" skipped="0" tests="7" time="6.847" timestamp="2026-09-15T22:54:04.017658+00:00" hostname="agent-env-1d95f75f-02e2-4732-8302-4a5bab0398ea"><testcase classname="tests.test_giftsdates_iter12.TestIdeaPhotos" name="test_date_ideas_has_category_image" time="0.698" /><testcase classname="tests.test_giftsdates_iter12.TestSlotCalendar" name="test_slots_shape_and_inviter_only" time="1.384" /><testcase classname="tests.test_giftsdates_iter12.TestSlotCalendar" name="test_slots_busy_after_confirm" time="2.853" /><testcase classname="tests.test_giftsdates_iter12.TestDateChat" name="test_chat_disabled_before_confirmed" time="0.837" /><testcase classname="tests.test_giftsdates_iter12.TestDateChat" name="test_chat_enabled_after_confirmed" time="0.356" /><testcase classname="tests.test_giftsdates_iter12.TestDateChat" name="test_recipient_gets_notification" time="0.148" /><testcase classname="tests.test_giftsdates_iter12" name="test_zz_cleanup" time="0.495" /></testsuite></testsuites>