<?xml version="1.0" encoding="utf-8"?><testsuites name="pytest tests"><testsuite name="pytest" errors="0" failures="0" skipped="0" tests="6" time="3.917" timestamp="2026-09-12T09:53:01.906793+00:00" hostname="agent-env-1d95f75f-02e2-4732-8302-4a5bab0398ea"><testcase classname="tests.test_giftsdates_iter6.TestLikesReceived" name="test_free_hides_name" time="2.067" /><testcase classname="tests.test_giftsdates_iter6.TestTopGivers" name="test_no_gifts_no_top_givers" time="1.978" /><testcase classname="tests.test_giftsdates_iter6.TestTopGivers" name="test_top_givers_after_gifts" time="0.546" /><testcase classname="tests.test_giftsdates_iter6.TestLikesReceived" name="test_premium_shows_name" time="0.106" /><testcase classname="tests.test_giftsdates_iter6.TestLikesReceived" name="test_like_back_creates_match_and_removes_from_strip" time="0.400" /><testcase classname="tests.test_giftsdates_iter6.TestChatRegression" name="test_send_text_and_gift" time="0.696" /></testsuite></testsuites>