<?xml version="1.0" encoding="utf-8"?><testsuites name="pytest tests"><testsuite name="pytest" errors="0" failures="0" skipped="0" tests="16" time="9.466" timestamp="2026-09-13T10:25:53.243917+00:00" hostname="agent-env-1d95f75f-02e2-4732-8302-4a5bab0398ea"><testcase classname="tests.test_giftsdates_iter9.TestSupport" name="test_support_config_public" time="0.189" /><testcase classname="tests.test_giftsdates_iter9.TestReports" name="test_unauth_reject" time="0.145" /><testcase classname="tests.test_giftsdates_iter9.TestSupport" name="test_support_chat_streams_english" time="4.114" /><testcase classname="tests.test_giftsdates_iter9.TestReports" name="test_invalid_reason" time="2.082" /><testcase classname="tests.test_giftsdates_iter9.TestReports" name="test_cannot_report_self" time="0.098" /><testcase classname="tests.test_giftsdates_iter9.TestReports" name="test_report_target_not_found" time="0.104" /><testcase classname="tests.test_giftsdates_iter9.TestReports" name="test_report_success_and_duplicate" time="0.176" /><testcase classname="tests.test_giftsdates_iter9.TestReports" name="test_admin_lists_and_resolves" time="0.524" /><testcase classname="tests.test_giftsdates_iter9.TestReports" name="test_admin_block_from_report" time="0.565" /><testcase classname="tests.test_giftsdates_iter9.TestReports" name="test_admin_reports_requires_admin" time="0.081" /><testcase classname="tests.test_giftsdates_iter9.TestSupport" name="test_support_chat_russian" time="3.069" /><testcase classname="tests.test_giftsdates_iter9.TestSupport" name="test_support_chat_empty_message" time="0.103" /><testcase classname="tests.test_giftsdates_iter9.TestSupport" name="test_create_ticket_and_admin_list" time="0.887" /><testcase classname="tests.test_giftsdates_iter9.TestSupport" name="test_ticket_short_message_rejected" time="0.082" /><testcase classname="tests.test_giftsdates_iter9.TestSupport" name="test_admin_get_and_put_settings" time="0.296" /><testcase classname="tests.test_giftsdates_iter9.TestSupport" name="test_admin_support_settings_requires_admin" time="0.384" /></testsuite></testsuites>