<?xml version="1.0" encoding="utf-8"?><testsuites name="pytest tests"><testsuite name="pytest" errors="0" failures="0" skipped="0" tests="10" time="4.018" timestamp="2026-09-12T10:09:52.059815+00:00" hostname="agent-env-1d95f75f-02e2-4732-8302-4a5bab0398ea"><testcase classname="tests.test_giftsdates_iter7.TestPresence" name="test_last_seen_set_after_authed_request" time="0.584" /><testcase classname="tests.test_giftsdates_iter7.TestChatPhotoUnlocked" name="test_upload_after_confirmed_date" time="2.460" /><testcase classname="tests.test_giftsdates_iter7.TestPresence" name="test_matches_includes_last_seen" time="1.806" /><testcase classname="tests.test_giftsdates_iter7.TestPresence" name="test_profiles_detail_includes_last_seen" time="0.101" /><testcase classname="tests.test_giftsdates_iter7.TestChatPhotoUnlocked" name="test_non_image_rejected_400" time="0.084" /><testcase classname="tests.test_giftsdates_iter7.TestChatPhotoLocked" name="test_matches_can_share_media_false_without_date" time="0.118" /><testcase classname="tests.test_giftsdates_iter7.TestChatPhotoUnlocked" name="test_file_access_both_members_200" time="0.622" /><testcase classname="tests.test_giftsdates_iter7.TestChatPhotoLocked" name="test_upload_blocked_403_media_locked" time="0.265" /><testcase classname="tests.test_giftsdates_iter7.TestChatTextRegression" name="test_text_send_still_works" time="0.423" /><testcase classname="tests.test_giftsdates_iter7.TestChatPhotoUnlocked" name="test_file_access_stranger_403" time="0.079" /></testsuite></testsuites>