<?xml version="1.0" encoding="utf-8"?><testsuites name="pytest tests"><testsuite name="pytest" errors="0" failures="0" skipped="0" tests="13" time="6.096" timestamp="2026-09-12T11:11:08.596041+00:00" hostname="agent-env-1d95f75f-02e2-4732-8302-4a5bab0398ea"><testcase classname="tests.test_giftsdates_iter8.TestTaxi" name="test_booker_cannot_request" time="1.732" /><testcase classname="tests.test_giftsdates_iter8.TestTaxi" name="test_recipient_request_creates_pending" time="0.114" /><testcase classname="tests.test_giftsdates_iter8.TestTaxi" name="test_duplicate_request_returns_taxi_pending" time="0.129" /><testcase classname="tests.test_giftsdates_iter8.TestUploadHappyPath" name="test_upload_returns_path_no_503" time="2.302" /><testcase classname="tests.test_giftsdates_iter8.TestTaxi" name="test_recipient_cannot_send" time="0.327" /><testcase classname="tests.test_giftsdates_iter8.TestUploadHappyPath" name="test_download_returns_bytes" time="0.437" /><testcase classname="tests.test_giftsdates_iter8.TestTaxi" name="test_booker_send_deducts_and_credits" time="0.443" /><testcase classname="tests.test_giftsdates_iter8.TestUploadHappyPath" name="test_profile_photo_upload_and_download" time="1.018" /><testcase classname="tests.test_giftsdates_iter8.TestTaxi" name="test_second_send_returns_400" time="0.477" /><testcase classname="tests.test_giftsdates_iter8.TestTaxi" name="test_decline_then_recipient_may_rerequest" time="1.922" /><testcase classname="tests.test_giftsdates_iter8.TestChatPhotoRegression" name="test_locked_before_confirmed_date" time="0.227" /><testcase classname="tests.test_giftsdates_iter8.TestChatPhotoRegression" name="test_success_after_confirmed_date" time="0.853" /><testcase classname="tests.test_giftsdates_iter8.TestTaxi" name="test_taxi_visible_in_get_dates" time="0.104" /></testsuite></testsuites>