<?xml version="1.0" encoding="utf-8"?><testsuites name="pytest tests"><testsuite name="pytest" errors="0" failures="1" skipped="0" tests="27" time="6.218" timestamp="2026-09-12T03:52:50.073663+00:00" hostname="agent-env-1d95f75f-02e2-4732-8302-4a5bab0398ea"><testcase classname="tests.test_giftsdates_iter3.TestReferrals" name="test_a_register_no_referral" time="0.326" /><testcase classname="tests.test_giftsdates_iter3.TestReferrals" name="test_b_register_with_referral" time="0.317" /><testcase classname="tests.test_giftsdates_iter3.TestReferrals" name="test_c_register_invalid_referral" time="0.318" /><testcase classname="tests.test_giftsdates_iter3.TestReferrals" name="test_d_referrals_endpoint" time="0.097" /><testcase classname="tests.test_giftsdates_iter3.TestPhotos" name="test_a_upload_photo" time="0.356" /><testcase classname="tests.test_giftsdates_iter3.TestPhotos" name="test_b_upload_non_image_rejected" time="0.069" /><testcase classname="tests.test_giftsdates_iter3.TestPhotos" name="test_c_upload_second_photo" time="0.312" /><testcase classname="tests.test_giftsdates_iter3.TestPhotos" name="test_d_set_primary" time="0.071" /><testcase classname="tests.test_giftsdates_iter3.TestPhotos" name="test_e_download_photo" time="0.369" /><testcase classname="tests.test_giftsdates_iter3.TestPhotos" name="test_f_delete_photo" time="0.072" /><testcase classname="tests.test_giftsdates_iter3.TestPhotos" name="test_g_max_photos" time="1.661" /><testcase classname="tests.test_giftsdates_iter3.TestNotifications" name="test_a_mutual_like_creates_match_notifications" time="0.154" /><testcase classname="tests.test_giftsdates_iter3.TestNotifications" name="test_b_notifications_returned" time="0.170" /><testcase classname="tests.test_giftsdates_iter3.TestNotifications" name="test_c_mark_read" time="0.149" /><testcase classname="tests.test_giftsdates_iter3.TestNotifications" name="test_d_email_outbox" time="0.002"><failure message="assert 0 &gt;= 1">backend/tests/test_giftsdates_iter3.py:161: in test_d_email_outbox
    assert count &gt;= 1
E   assert 0 &gt;= 1</failure></testcase><testcase classname="tests.test_giftsdates_iter3.TestBoostedSearch" name="test_a_set_premium_and_verify_order" time="0.071" /><testcase classname="tests.test_giftsdates_iter3.TestBoostedSearch" name="test_b_filters_still_work" time="0.074" /><testcase classname="tests.test_giftsdates_iter3.TestPayoutAndAdmin" name="test_a_withdraw_before_verify_blocked" time="0.133" /><testcase classname="tests.test_giftsdates_iter3.TestPayoutAndAdmin" name="test_b_submit_payout_account" time="0.070" /><testcase classname="tests.test_giftsdates_iter3.TestPayoutAndAdmin" name="test_c_wallet_includes_payout" time="0.077" /><testcase classname="tests.test_giftsdates_iter3.TestPayoutAndAdmin" name="test_d_admin_login" time="0.302" /><testcase classname="tests.test_giftsdates_iter3.TestPayoutAndAdmin" name="test_e_non_admin_forbidden" time="0.102" /><testcase classname="tests.test_giftsdates_iter3.TestPayoutAndAdmin" name="test_f_admin_lists_pending" time="0.068" /><testcase classname="tests.test_giftsdates_iter3.TestPayoutAndAdmin" name="test_g_admin_verify_approve" time="0.081" /><testcase classname="tests.test_giftsdates_iter3.TestPayoutAndAdmin" name="test_h_withdraw_after_verified" time="0.229" /><testcase classname="tests.test_giftsdates_iter3.TestPayoutAndAdmin" name="test_i_admin_reject_refunds" time="0.331" /><testcase classname="tests.test_giftsdates_iter3.TestPayoutAndAdmin" name="test_j_admin_mark_paid" time="0.076" /></testsuite></testsuites>