<?xml version="1.0" encoding="utf-8"?><testsuites name="pytest tests"><testsuite name="pytest" errors="0" failures="0" skipped="0" tests="20" time="23.948" timestamp="2026-09-15T10:53:13.137152+00:00" hostname="agent-env-1d95f75f-02e2-4732-8302-4a5bab0398ea"><testcase classname="tests.test_giftsdates_iter10" name="test_date_ideas_catalog" time="0.661" /><testcase classname="tests.test_giftsdates_iter10" name="test_date_ideas_category_and_romantic_combo" time="0.106" /><testcase classname="tests.test_giftsdates_iter10" name="test_register_zero_coins" time="0.312" /><testcase classname="tests.test_giftsdates_iter10" name="test_invite_self_forbidden" time="0.211" /><testcase classname="tests.test_giftsdates_iter10" name="test_invite_safety_ack_required" time="0.606" /><testcase classname="tests.test_giftsdates_iter10" name="test_invite_idea_count_bounds" time="0.733" /><testcase classname="tests.test_giftsdates_iter10" name="test_invite_min_coins_floor" time="0.739" /><testcase classname="tests.test_giftsdates_iter10" name="test_full_flow_location_confirm" time="2.206" /><testcase classname="tests.test_giftsdates_iter10" name="test_taxi_flow" time="2.493" /><testcase classname="tests.test_giftsdates_iter10" name="test_pickup_flow" time="3.239" /><testcase classname="tests.test_giftsdates_iter10" name="test_transport_refuse_split" time="2.377" /><testcase classname="tests.test_giftsdates_iter10" name="test_recipient_cancel_full_refund" time="1.823" /><testcase classname="tests.test_giftsdates_iter10" name="test_inviter_cancel_split" time="1.937" /><testcase classname="tests.test_giftsdates_iter10" name="test_coin_ledger_has_balance_fields" time="1.241" /><testcase classname="tests.test_giftsdates_iter10" name="test_report_window_closed_before_start" time="1.532" /><testcase classname="tests.test_giftsdates_iter10" name="test_verify_not_yet" time="1.731" /><testcase classname="tests.test_giftsdates_iter10" name="test_spin_status_and_claim_once" time="0.765" /><testcase classname="tests.test_giftsdates_iter10" name="test_admin_dates_gating" time="0.511" /><testcase classname="tests.test_giftsdates_iter10" name="test_cron_tick_auth" time="0.167" /><testcase classname="tests.test_giftsdates_iter10" name="test_cron_spin_auth" time="0.157" /></testsuite></testsuites>