<?xml version="1.0" encoding="utf-8"?><testsuites name="pytest tests"><testsuite name="pytest" errors="0" failures="0" skipped="0" tests="12" time="3.802" timestamp="2026-09-12T04:29:53.709058+00:00" hostname="agent-env-1d95f75f-02e2-4732-8302-4a5bab0398ea"><testcase classname="tests.test_giftsdates_iter4.TestAdminSettings" name="test_non_admin_forbidden" time="1.226" /><testcase classname="tests.test_giftsdates_iter4.TestAdminSettings" name="test_admin_get_defaults" time="0.437" /><testcase classname="tests.test_giftsdates_iter4.TestAdvancedFilters" name="test_matches_all_filters" time="1.579" /><testcase classname="tests.test_giftsdates_iter4.TestAdvancedFilters" name="test_wrong_intent_excludes" time="0.085" /><testcase classname="tests.test_giftsdates_iter4.TestAdminSettings" name="test_put_updates_and_reflects_in_meta_and_wallet" time="0.584" /><testcase classname="tests.test_giftsdates_iter4.TestAdvancedFilters" name="test_invalid_height_returns_400" time="0.072" /><testcase classname="tests.test_giftsdates_iter4.TestProfileDetail" name="test_detail_shape_and_liked_by_me" time="0.446" /><testcase classname="tests.test_giftsdates_iter4.TestProfileDetail" name="test_mutual_like_sets_conversation_id" time="0.220" /><testcase classname="tests.test_giftsdates_iter4.TestAdminSettings" name="test_gift_send_uses_new_cost" time="0.306" /><testcase classname="tests.test_giftsdates_iter4.TestProfileDetail" name="test_unknown_id_404" time="0.104" /><testcase classname="tests.test_giftsdates_iter4.TestAdminSettings" name="test_invalid_commission_400" time="0.378" /><testcase classname="tests.test_giftsdates_iter4.TestAdminSettings" name="test_restore_defaults" time="0.374" /></testsuite></testsuites>