<?xml version="1.0" encoding="utf-8"?><testsuites name="pytest tests"><testsuite name="pytest" errors="0" failures="0" skipped="0" tests="20" time="23.872" timestamp="2026-09-15T22:22:12.858608+00:00" hostname="agent-env-1d95f75f-02e2-4732-8302-4a5bab0398ea"><testcase classname="tests.test_giftsdates_iter10" name="test_date_ideas_catalog" time="0.661" /><testcase classname="tests.test_giftsdates_iter10" name="test_date_ideas_category_and_romantic_combo" time="0.076" /><testcase classname="tests.test_giftsdates_iter10" name="test_register_zero_coins" time="0.326" /><testcase classname="tests.test_giftsdates_iter10" name="test_invite_self_forbidden" time="0.242" /><testcase classname="tests.test_giftsdates_iter10" name="test_invite_safety_ack_required" time="0.584" /><testcase classname="tests.test_giftsdates_iter10" name="test_invite_idea_count_bounds" time="0.667" /><testcase classname="tests.test_giftsdates_iter10" name="test_invite_min_coins_floor" time="0.706" /><testcase classname="tests.test_giftsdates_iter10" name="test_full_flow_location_confirm" time="2.487" /><testcase classname="tests.test_giftsdates_iter10" name="test_taxi_flow" time="2.567" /><testcase classname="tests.test_giftsdates_iter10" name="test_pickup_flow" time="3.317" /><testcase classname="tests.test_giftsdates_iter10" name="test_transport_refuse_split" time="3.472" /><testcase classname="tests.test_giftsdates_iter10" name="test_recipient_cancel_full_refund" time="1.360" /><testcase classname="tests.test_giftsdates_iter10" name="test_inviter_cancel_split" time="1.503" /><testcase classname="tests.test_giftsdates_iter10" name="test_coin_ledger_has_balance_fields" time="1.181" /><testcase classname="tests.test_giftsdates_iter10" name="test_report_window_closed_before_start" time="1.447" /><testcase classname="tests.test_giftsdates_iter10" name="test_verify_not_yet" time="1.558" /><testcase classname="tests.test_giftsdates_iter10" name="test_spin_status_and_claim_once" time="0.589" /><testcase classname="tests.test_giftsdates_iter10" name="test_admin_dates_gating" time="0.469" /><testcase classname="tests.test_giftsdates_iter10" name="test_cron_tick_auth" time="0.142" /><testcase classname="tests.test_giftsdates_iter10" name="test_cron_spin_auth" time="0.142" /></testsuite></testsuites>